# JRE version: OpenJDK Runtime Environment (11.0.11+9) (build 11.0.11+9-b60-7590822)
# Java VM: OpenJDK 64-Bit Server VM (11.0.11+9-b60-7590822, mixed mode, tiered, compressed oops, g1 gc, windows-amd64)
Heap:
 garbage-first heap   total 455680K, used 161218K [0x0000000080000000, 0x0000000100000000)
  region size 1024K, 5 young (5120K), 5 survivors (5120K)
 Metaspace       used 101835K, capacity 104636K, committed 107212K, reserved 1140736K
  class space    used 13310K, capacity 14396K, committed 15308K, reserved 1048576K
GC Heap History (20 events):
Event: 16.671 GC heap after
{Heap after GC invocations=21 (full 0):
 garbage-first heap   total 260096K, used 108370K [0x0000000080000000, 0x0000000100000000)
  region size 1024K, 13 young (13312K), 13 survivors (13312K)
 Metaspace       used 102396K, capacity 106075K, committed 106188K, reserved 1140736K
  class space    used 13782K, capacity 15240K, committed 15308K, reserved 1048576K
}
Event: 16.859 GC heap before
{Heap before GC invocations=21 (full 0):
 garbage-first heap   total 260096K, used 203602K [0x0000000080000000, 0x0000000100000000)
  region size 1024K, 106 young (108544K), 13 survivors (13312K)
 Metaspace       used 102592K, capacity 106300K, committed 106444K, reserved 1140736K
  class space    used 13788K, capacity 15248K, committed 15308K, reserved 1048576K
}
Event: 16.870 GC heap after
{Heap after GC invocations=22 (full 0):
 garbage-first heap   total 260096K, used 112585K [0x0000000080000000, 0x0000000100000000)
  region size 1024K, 8 young (8192K), 8 survivors (8192K)
 Metaspace       used 102592K, capacity 106300K, committed 106444K, reserved 1140736K
  class space    used 13788K, capacity 15248K, committed 15308K, reserved 1048576K
}
Event: 17.075 GC heap before
{Heap before GC invocations=22 (full 0):
 garbage-first heap   total 260096K, used 206793K [0x0000000080000000, 0x0000000100000000)
  region size 1024K, 99 young (101376K), 8 survivors (8192K)
 Metaspace       used 102711K, capacity 106386K, committed 106444K, reserved 1140736K
  class space    used 13798K, capacity 15255K, committed 15308K, reserved 1048576K
}
Event: 17.083 GC heap after
{Heap after GC invocations=23 (full 0):
 garbage-first heap   total 260096K, used 121148K [0x0000000080000000, 0x0000000100000000)
  region size 1024K, 9 young (9216K), 9 survivors (9216K)
 Metaspace       used 102711K, capacity 106386K, committed 106444K, reserved 1140736K
  class space    used 13798K, capacity 15255K, committed 15308K, reserved 1048576K
}
Event: 17.255 GC heap before
{Heap before GC invocations=23 (full 0):
 garbage-first heap   total 260096K, used 208188K [0x0000000080000000, 0x0000000100000000)
  region size 1024K, 95 young (97280K), 9 survivors (9216K)
 Metaspace       used 102880K, capacity 106584K, committed 106700K, reserved 1140736K
  class space    used 13799K, capacity 15257K, committed 15308K, reserved 1048576K
}
Event: 17.264 GC heap after
{Heap after GC invocations=24 (full 0):
 garbage-first heap   total 260096K, used 126807K [0x0000000080000000, 0x0000000100000000)
  region size 1024K, 8 young (8192K), 8 survivors (8192K)
 Metaspace       used 102880K, capacity 106584K, committed 106700K, reserved 1140736K
  class space    used 13799K, capacity 15257K, committed 15308K, reserved 1048576K
}
Event: 17.369 GC heap before
{Heap before GC invocations=24 (full 0):
 garbage-first heap   total 260096K, used 210775K [0x0000000080000000, 0x0000000100000000)
  region size 1024K, 90 young (92160K), 8 survivors (8192K)
 Metaspace       used 102894K, capacity 106595K, committed 106700K, reserved 1140736K
  class space    used 13802K, capacity 15261K, committed 15308K, reserved 1048576K
}
Event: 17.379 GC heap after
{Heap after GC invocations=25 (full 0):
 garbage-first heap   total 260096K, used 132600K [0x0000000080000000, 0x0000000100000000)
  region size 1024K, 9 young (9216K), 9 survivors (9216K)
 Metaspace       used 102894K, capacity 106595K, committed 106700K, reserved 1140736K
  class space    used 13802K, capacity 15261K, committed 15308K, reserved 1048576K
}
Event: 17.563 GC heap before
{Heap before GC invocations=25 (full 0):
 garbage-first heap   total 260096K, used 210424K [0x0000000080000000, 0x0000000100000000)
  region size 1024K, 86 young (88064K), 9 survivors (9216K)
 Metaspace       used 101447K, capacity 104228K, committed 106700K, reserved 1140736K
  class space    used 13294K, capacity 14350K, committed 15308K, reserved 1048576K
}
Event: 17.573 GC heap after
{Heap after GC invocations=26 (full 0):
 garbage-first heap   total 260096K, used 138165K [0x0000000080000000, 0x0000000100000000)
  region size 1024K, 7 young (7168K), 7 survivors (7168K)
 Metaspace       used 101447K, capacity 104228K, committed 106700K, reserved 1140736K
  class space    used 13294K, capacity 14350K, committed 15308K, reserved 1048576K
}
Event: 17.705 GC heap before
{Heap before GC invocations=27 (full 0):
 garbage-first heap   total 260096K, used 213941K [0x0000000080000000, 0x0000000100000000)
  region size 1024K, 81 young (82944K), 7 survivors (7168K)
 Metaspace       used 101535K, capacity 104299K, committed 106956K, reserved 1140736K
  class space    used 13299K, capacity 14351K, committed 15308K, reserved 1048576K
}
Event: 17.722 GC heap after
{Heap after GC invocations=28 (full 0):
 garbage-first heap   total 312320K, used 143091K [0x0000000080000000, 0x0000000100000000)
  region size 1024K, 6 young (6144K), 6 survivors (6144K)
 Metaspace       used 101535K, capacity 104299K, committed 106956K, reserved 1140736K
  class space    used 13299K, capacity 14351K, committed 15308K, reserved 1048576K
}
Event: 17.883 GC heap before
{Heap before GC invocations=28 (full 0):
 garbage-first heap   total 312320K, used 249587K [0x0000000080000000, 0x0000000100000000)
  region size 1024K, 111 young (113664K), 6 survivors (6144K)
 Metaspace       used 101592K, capacity 104380K, committed 106956K, reserved 1140736K
  class space    used 13302K, capacity 14357K, committed 15308K, reserved 1048576K
}
Event: 17.892 GC heap after
{Heap after GC invocations=29 (full 0):
 garbage-first heap   total 312320K, used 149707K [0x0000000080000000, 0x0000000100000000)
  region size 1024K, 12 young (12288K), 12 survivors (12288K)
 Metaspace       used 101592K, capacity 104380K, committed 106956K, reserved 1140736K
  class space    used 13302K, capacity 14357K, committed 15308K, reserved 1048576K
}
Event: 18.087 GC heap before
{Heap before GC invocations=29 (full 0):
 garbage-first heap   total 312320K, used 255179K [0x0000000080000000, 0x0000000100000000)
  region size 1024K, 115 young (117760K), 12 survivors (12288K)
 Metaspace       used 101698K, capacity 104483K, committed 106956K, reserved 1140736K
  class space    used 13306K, capacity 14389K, committed 15308K, reserved 1048576K
}
Event: 18.099 GC heap after
{Heap after GC invocations=30 (full 0):
 garbage-first heap   total 312320K, used 157752K [0x0000000080000000, 0x0000000100000000)
  region size 1024K, 15 young (15360K), 15 survivors (15360K)
 Metaspace       used 101698K, capacity 104483K, committed 106956K, reserved 1140736K
  class space    used 13306K, capacity 14389K, committed 15308K, reserved 1048576K
}
Event: 18.249 GC heap before
{Heap before GC invocations=30 (full 0):
 garbage-first heap   total 312320K, used 256056K [0x0000000080000000, 0x0000000100000000)
  region size 1024K, 112 young (114688K), 15 survivors (15360K)
 Metaspace       used 101753K, capacity 104556K, committed 106956K, reserved 1140736K
  class space    used 13307K, capacity 14391K, committed 15308K, reserved 1048576K
}
Event: 18.265 GC heap after
{Heap after GC invocations=31 (full 0):
 garbage-first heap   total 312320K, used 161617K [0x0000000080000000, 0x0000000100000000)
  region size 1024K, 6 young (6144K), 6 survivors (6144K)
 Metaspace       used 101753K, capacity 104556K, committed 106956K, reserved 1140736K
  class space    used 13307K, capacity 14391K, committed 15308K, reserved 1048576K
}
Event: 18.498 GC heap before
{Heap before GC invocations=31 (full 0):
 garbage-first heap   total 312320K, used 258897K [0x0000000080000000, 0x0000000100000000)
  region size 1024K, 102 young (104448K), 6 survivors (6144K)
 Metaspace       used 101835K, capacity 104636K, committed 107212K, reserved 1140736K
  class space    used 13310K, capacity 14396K, committed 15308K, reserved 1048576K
}

